0 info it worked if it ends with ok
1 verbose cli [ '/usr/local/bin/node',
1 verbose cli   '/usr/local/bin/npm',
1 verbose cli   'install',
1 verbose cli   '-g',
1 verbose cli   'cordova' ]
2 info using npm@2.14.12
3 info using node@v4.3.2
4 verbose install initial load of /usr/local/lib/package.json
5 verbose readDependencies loading dependencies from /usr/local/lib/package.json
6 silly cache add args [ 'cordova', null ]
7 verbose cache add spec cordova
8 silly cache add parsed spec Result {
8 silly cache add   raw: 'cordova',
8 silly cache add   scope: null,
8 silly cache add   name: 'cordova',
8 silly cache add   rawSpec: '',
8 silly cache add   spec: 'latest',
8 silly cache add   type: 'tag' }
9 silly addNamed cordova@latest
10 verbose addNamed "latest" is being treated as a dist-tag for cordova
11 info addNameTag [ 'cordova', 'latest' ]
12 silly mapToRegistry name cordova
13 silly mapToRegistry using default registry
14 silly mapToRegistry registry https://registry.npmjs.org/
15 silly mapToRegistry uri https://registry.npmjs.org/cordova
16 verbose addNameTag registry:https://registry.npmjs.org/cordova not in flight; fetching
17 verbose request uri https://registry.npmjs.org/cordova
18 verbose request no auth needed
19 info attempt registry request try #1 at 3:49:03 PM
20 verbose request id ffab364220f7a001
21 verbose etag "DUZK01PGUQCRH8T3G46L4KO2L"
22 http request GET https://registry.npmjs.org/cordova
23 http 200 https://registry.npmjs.org/cordova
24 verbose headers { server: 'CouchDB/1.5.0 (Erlang OTP/R16B03)',
24 verbose headers   etag: '"EYM5NWBITKCUI8RBROY2JEUC4"',
24 verbose headers   'content-type': 'application/json',
24 verbose headers   'content-encoding': 'gzip',
24 verbose headers   'cache-control': 'max-age=300',
24 verbose headers   'content-length': '40303',
24 verbose headers   'accept-ranges': 'bytes',
24 verbose headers   date: 'Wed, 13 Jul 2016 03:48:58 GMT',
24 verbose headers   via: '1.1 varnish',
24 verbose headers   age: '178',
24 verbose headers   connection: 'keep-alive',
24 verbose headers   'x-served-by': 'cache-akl6421-AKL',
24 verbose headers   'x-cache': 'HIT',
24 verbose headers   'x-cache-hits': '2',
24 verbose headers   'x-timer': 'S1468381738.455664,VS0,VE0',
24 verbose headers   vary: 'Accept-Encoding' }
25 silly get cb [ 200,
25 silly get   { server: 'CouchDB/1.5.0 (Erlang OTP/R16B03)',
25 silly get     etag: '"EYM5NWBITKCUI8RBROY2JEUC4"',
25 silly get     'content-type': 'application/json',
25 silly get     'content-encoding': 'gzip',
25 silly get     'cache-control': 'max-age=300',
25 silly get     'content-length': '40303',
25 silly get     'accept-ranges': 'bytes',
25 silly get     date: 'Wed, 13 Jul 2016 03:48:58 GMT',
25 silly get     via: '1.1 varnish',
25 silly get     age: '178',
25 silly get     connection: 'keep-alive',
25 silly get     'x-served-by': 'cache-akl6421-AKL',
25 silly get     'x-cache': 'HIT',
25 silly get     'x-cache-hits': '2',
25 silly get     'x-timer': 'S1468381738.455664,VS0,VE0',
25 silly get     vary: 'Accept-Encoding' } ]
26 verbose get saving cordova to /Users/warikjames/.npm/registry.npmjs.org/cordova/.cache.json
27 silly addNameTag next cb for cordova with tag latest
28 silly addNamed cordova@6.2.0
29 verbose addNamed "6.2.0" is a plain semver version for cordova
30 silly cache afterAdd cordova@6.2.0
31 verbose afterAdd /Users/warikjames/.npm/cordova/6.2.0/package/package.json not in flight; writing
32 verbose afterAdd /Users/warikjames/.npm/cordova/6.2.0/package/package.json written
33 silly install resolved [ { name: 'cordova',
33 silly install resolved     version: '6.2.0',
33 silly install resolved     preferGlobal: 'true',
33 silly install resolved     description: 'Cordova command line interface tool',
33 silly install resolved     main: 'cordova',
33 silly install resolved     engines: { node: '>=0.9.9' },
33 silly install resolved     engineStrict: true,
33 silly install resolved     bin: { cordova: './bin/cordova' },
33 silly install resolved     scripts:
33 silly install resolved      { test: 'node node_modules/jasmine-node/bin/jasmine-node --captureExceptions --color spec',
33 silly install resolved        cover: 'node node_modules/istanbul/lib/cli.js cover --root src --print detail node_modules/jasmine-node/bin/jasmine-node -- spec' },
33 silly install resolved     repository:
33 silly install resolved      { type: 'git',
33 silly install resolved        url: 'https://git-wip-us.apache.org/repos/asf/cordova-cli.git' },
33 silly install resolved     bugs:
33 silly install resolved      { url: 'https://issues.apache.org/jira/browse/CB',
33 silly install resolved        email: 'dev@cordova.apache.org' },
33 silly install resolved     keywords: [ 'cordova', 'client', 'cli' ],
33 silly install resolved     dependencies:
33 silly install resolved      { 'cordova-lib': '6.2.0',
33 silly install resolved        'cordova-common': '1.3.x',
33 silly install resolved        q: '1.0.1',
33 silly install resolved        nopt: '3.0.1',
33 silly install resolved        underscore: '1.7.0',
33 silly install resolved        'update-notifier': '^0.5.0',
33 silly install resolved        insight: '~0.8.2' },
33 silly install resolved     devDependencies:
33 silly install resolved      { istanbul: '^0.3.4',
33 silly install resolved        grunt: '0.4.5',
33 silly install resolved        'grunt-retire': '0.3.7',
33 silly install resolved        'jasmine-node': '1.14.5' },
33 silly install resolved     author: { name: 'Anis Kadri' },
33 silly install resolved     contributors:
33 silly install resolved      [ [Object],
33 silly install resolved        [Object],
33 silly install resolved        [Object],
33 silly install resolved        [Object],
33 silly install resolved        [Object],
33 silly install resolved        [Object],
33 silly install resolved        [Object],
33 silly install resolved        [Object],
33 silly install resolved        [Object],
33 silly install resolved        [Object],
33 silly install resolved        [Object],
33 silly install resolved        [Object],
33 silly install resolved        [Object],
33 silly install resolved        [Object],
33 silly install resolved        [Object],
33 silly install resolved        [Object],
33 silly install resolved        [Object],
33 silly install resolved        [Object],
33 silly install resolved        [Object],
33 silly install resolved        [Object],
33 silly install resolved        [Object],
33 silly install resolved        [Object],
33 silly install resolved        [Object],
33 silly install resolved        [Object] ],
33 silly install resolved     license: 'Apache-2.0',
33 silly install resolved     _id: 'cordova@6.2.0',
33 silly install resolved     _shasum: '8442ec6f4d4440bc124713d32139d78efa1b72ce',
33 silly install resolved     _resolved: 'https://registry.npmjs.org/cordova/-/cordova-6.2.0.tgz',
33 silly install resolved     _from: 'cordova@latest',
33 silly install resolved     _npmVersion: '3.9.0',
33 silly install resolved     _nodeVersion: '5.4.1',
33 silly install resolved     _npmUser: { name: 'stevegill', email: 'stevengill97@gmail.com' },
33 silly install resolved     dist:
33 silly install resolved      { shasum: '8442ec6f4d4440bc124713d32139d78efa1b72ce',
33 silly install resolved        tarball: 'https://registry.npmjs.org/cordova/-/cordova-6.2.0.tgz' },
33 silly install resolved     maintainers:
33 silly install resolved      [ [Object],
33 silly install resolved        [Object],
33 silly install resolved        [Object],
33 silly install resolved        [Object],
33 silly install resolved        [Object],
33 silly install resolved        [Object],
33 silly install resolved        [Object],
33 silly install resolved        [Object],
33 silly install resolved        [Object],
33 silly install resolved        [Object],
33 silly install resolved        [Object],
33 silly install resolved        [Object],
33 silly install resolved        [Object],
33 silly install resolved        [Object],
33 silly install resolved        [Object],
33 silly install resolved        [Object],
33 silly install resolved        [Object],
33 silly install resolved        [Object] ],
33 silly install resolved     _npmOperationalInternal:
33 silly install resolved      { host: 'packages-12-west.internal.npmjs.com',
33 silly install resolved        tmp: 'tmp/cordova-6.2.0.tgz_1464130173210_0.7832138144876808' },
33 silly install resolved     directories: {},
33 silly install resolved     readme: 'ERROR: No README data found!' } ]
34 info install cordova@6.2.0 into /usr/local/lib
35 info installOne cordova@6.2.0
36 verbose installOne of cordova to /usr/local/lib not in flight; installing
37 verbose lock using /Users/warikjames/.npm/_locks/cordova-fa12e2e096426a32.lock for /usr/local/lib/node_modules/cordova
38 silly install write writing cordova 6.2.0 to /usr/local/lib/node_modules/cordova
39 verbose unbuild lib/node_modules/cordova
40 info preuninstall cordova@6.2.0
41 info uninstall cordova@6.2.0
42 verbose unbuild rmStuff cordova@6.2.0 from /usr/local/lib/node_modules
43 silly gentlyRm /usr/local/bin/cordova is being gently removed
44 silly gentlyRm verifying /usr/local is an npm working directory
45 silly gentlyRm containing path /usr/local is under npm's control, in /usr/local
46 silly gentlyRm deletion target /usr/local/bin/cordova is under /usr/local
47 verbose gentlyRm vacuuming from /usr/local/bin/cordova up to /usr/local
48 silly vacuum-fs removing /usr/local/bin/cordova
49 verbose unlock done using /Users/warikjames/.npm/_locks/cordova-fa12e2e096426a32.lock for /usr/local/lib/node_modules/cordova
50 verbose stack Error: EACCES: permission denied, unlink '/usr/local/bin/cordova'
50 verbose stack     at Error (native)
51 verbose cwd /Applications/MAMP/htdocs/HTML_TOY/node
52 error Darwin 14.5.0
53 error argv "/usr/local/bin/node" "/usr/local/bin/npm" "install" "-g" "cordova"
54 error node v4.3.2
55 error npm  v2.14.12
56 error path /usr/local/bin/cordova
57 error code EACCES
58 error errno -13
59 error syscall unlink
60 error Error: EACCES: permission denied, unlink '/usr/local/bin/cordova'
60 error     at Error (native)
60 error  { [Error: EACCES: permission denied, unlink '/usr/local/bin/cordova']
60 error   errno: -13,
60 error   code: 'EACCES',
60 error   syscall: 'unlink',
60 error   path: '/usr/local/bin/cordova' }
61 error Please try running this command again as root/Administrator.
62 verbose exit [ -13, true ]
63 verbose unbuild lib/node_modules/cordova
64 info preuninstall cordova@6.2.0
65 info uninstall cordova@6.2.0
66 verbose unbuild rmStuff cordova@6.2.0 from /usr/local/lib/node_modules
67 silly gentlyRm /usr/local/bin/cordova is being gently removed
68 silly gentlyRm verifying /usr/local is an npm working directory
69 silly gentlyRm containing path /usr/local is under npm's control, in /usr/local
70 silly gentlyRm deletion target /usr/local/bin/cordova is under /usr/local
71 verbose gentlyRm vacuuming from /usr/local/bin/cordova up to /usr/local
72 silly vacuum-fs removing /usr/local/bin/cordova
73 error error rolling back Error: EACCES: permission denied, unlink '/usr/local/bin/cordova'
73 error error rolling back     at Error (native)
73 error error rolling back  { [Error: EACCES: permission denied, unlink '/usr/local/bin/cordova']
73 error error rolling back   errno: -13,
73 error error rolling back   code: 'EACCES',
73 error error rolling back   syscall: 'unlink',
73 error error rolling back   path: '/usr/local/bin/cordova' }
